394944859
-432487448
1145003918
858383682278978120
0
561128878
676075111
251010559361946080
-272423298
1
414222698
2
1224321037
296695220895524090
757682799
875234524
968208893314263669
193381864250677410
7
66546058332824455
1
871094923
95274827
4
29048102694021524
6759787
832039804
84489663675146400
1
0
212072399
1017529885
2
1380756278
-43031260
0
783932608
62801726
97253327
35890114
746507621
1084188688
323823529018821634
953027315
215084303742709404
-17483219
921698386
274239896
1
-397390845
0
624334874782995425
1151119561
-6268208
63996040168270068
247092671
64655883477222054
866325286
-245114773
567714864
9264793
0
0
87437543
1
136492016
48641171
0
123654658
352409675523805620
408987743
168376926373902870
341680087569548928
3678
104842383
16828436035752540
173143824
21835865
-827799718
0
267645454876760
-57065701
-690873417
2012636044138765
234503483
193039083373099146
19305545
1811723529
20211934
413120060
89188128
415348816
12204143
0
461116370249913320
320920815
238205833015288360
0
1184268194
1097066528
0
414256459
80112524220667064
122261436
0
433290097115390871
468934031372267370
422689715
0
206117847
504676095412769336
46801149
103027993
6
145925975
0
301859770
368748189
127383895
178293948543484550
127738782
665826976626045752
288624184
279424199
1186839670
778569250
-124424125
5
13232995567320320
2724440
-445652172
0
270005454969666804
1
278643864215406
122275618
1075403693
484971214
186168760
98377703012760129
333256162
11
2
709666371
110844846
16514895971792171
0
642005377
908066377
143778736
1748285040699648
-196987875
0
1
432236897
0
95269048334032320
864142933
1751803427
1212299516
874435816
553012362
1412339230
907158364
0
57382304
136190048
786843330
52533725700963974
1860937840
432196678
129105089219605184
801214028
-55367771
0
1156705189
509325354
0
1100837196
828967856
448919923
680879581
495931625
85801700
77053344
465239251257053264
673306142
380939196992153184
998164903422008
25144295421220436
-451674176
1
69883043626800195
62403787
312023374
154831389384060369
0
97872547799179120
9
-397656375
1676863460
4
6
1358265343
1
1
1470363402
1012438
533186636
-175504138
970224484
322828647172506996
-328248864
821580912
1288286288
-149227841
83041198574561280
679752366816698280
-739444969
318454367
248655133
173832501
-158756088
-50816009
532291919571049049
36333456
449447274523202310
558146875497819412
6352883782579027
93464893886537220
0
1349698918
2583662
1043444013996130
669767050
-688173259
153219129415801860
-402029300
371469366
60696058131940574
932466622
675777342287764149
-385402932
1
8
632590014799365040
1359513551
892690314
136950308
115971250631009605
84630783277814960
85368828
205553462
0
858730039122650760
0
1
0
42364820342143485
257726447
50715306
1
0
186195363
538666570
-759769606
0
0
467497282411779724
89523178
1
72525847
2175618
342910488623370327
0
-250589298
818032085
1
1757267792
1805898920
0
-168630541
77601900121068750
107492209964827199
255024944
19891681888141008
1
1355117202
678778019
133664533
757338346
5
648886897
1620654692
1
0
1188820337
4
465089180912334223
410841372
66748346
313554242
378099615610979240
794463259
546475358
1139321733
135540652750158744
-577536193
53383398
34236497641414362
1490829007
3501913158132918
397420584
0
28084321211713536
130753788769209557
1528502650
0
400324209
450976779678706827
8174958355136430
-422681952
1165814435
1
120241423
14617822252213795
0
846596960
659320908
-162717771
67717717
139655706
779463480
6276984593404778
-189967751
105305
289055040
12061789734547950
1143921700172214
596365991
-260513150
494094791
85720172
0
935764400
1383977049
27335727
107734660
720442878
1
0
189917801
223070777
0
8
171518720
6
-92502207
163237409
1529663412
395713091
25222051
69568511674196832
1240266238
0
46708114933921532
0
652385822
112710846603568258
537494751
7255504812904848
0
639295660
124860377
1669241221
39083975
4
78119177
57896613
352747441
107409111359735600
957427169
0
161914236
575580611
27840556
243125536
-660368209
684934348
159286005
870311680
-453464349
380864910705810341
-493183564
220926918590774784
1
196382909
333964813
976361256
60595284217518568
2294549953793550
0
964383619
116376432
57745011651198524
-8466937
1
3256589352234140
477236337
0
269073458
322948678
1
1
4
1098741362
653557658
-382861613
0
0
116004029
-207231731
913482500
-431905555
21454464273590878
135711443578450950
0
349907409270058948
11988531419961000
596214783
911216214
401514251
1452933804
1410772284
307468452
-155390973
0
-318646191
1062156422
1
48204189
13995949
91029333477678120
998801851
-212808246
0
166630128
194973307173059070
124426179
128148592
63056652
10936732938414764
17706404
0
1172241074
1349012900
129052932
164304648
1027056857
0
575007038
6
82706054390825400
1049216713
254579622
0
7701401
169405597
305489985
687408495141795644
821779387
322732777
255882667615407692
333848403
711404625
-543967697
95831008
9265135778592732
551773966499200
69289699
5363188615378594
0
267753238852402360
98446735
154765425568794348
1
0
185686028
497064431528906124
2
147283043296094980
0
233997679392470337
1128867495
1
997225585
31131879
148627105881308544
1176355556
15744811959158008
558780185
406062609
1
9996118
1826854985
637861918
31
1807955395
15210170843125475
-706492558
32941058
8421723934721500
4203320747906602
501213696
508673710
118034610
1561013862
0
177170375
360587755238043600
952049617
332503225
41
-152575121
487546706184412574
456699766423880365
98167452459822256
-608404613
-788338775
44580853
852461868
36704858
71600279096158090
171339685
430652707
0
-28735156
0
12179489
0
0
1
169767195
688304398
377748494
1
0
27469774
366440582
268106934
388492377236672625
1
524781326
0
125444413
24168571821632225
114187936821931818
-250861334
1357444495
-84783930
1854022587
3420038
1749440993581260
506149856
119321381
420811942
0
197550104
22
361971150
251108456876850662
27019324
2
918823957
617748693
0
-391482616
135783448411782312
283511398
22522142
0
67961690345049024
868792102
72489321
88249261144579067
3
1424425022
273781385
930399968
95205337
50879162820688676
-565990973
388078496491099053
177974525
460472555
12074337
275836463357737575
760484172726683280
4422602091070033
73638318
0
105518106145317915
0
381823725
407507933
1206633278
457334070
25579560
-278227098
1512570392
229362028904020
125936019862812900
313199200
20
363644490
0
22374421
103089664
-509420902
100693205182757520
569554398
232951558414355056
71737628159892510
45621522
1666236311
1084639010
1
34483438359581364
718012409
504654703
351095413
266579290
0
-44472010
44990959
18
151618701
1052334398
581755152
0
74547650
-210240063
116757665
-274977665
0
4
1756683300
525722094
210241078504385718
66957799051788223
83760251
123307507989527264
198236771446009503
1012387332
859404420
759690038
1049719679
530343435571203072
310266354
42362000
-547793897
-84090833
-919713602
1524352203
563918688866619468
235084603107101480
236014027
233894252
441388471360774423
804222527
214533308332306980
191438420
299436981
938312094
0
0
134757448
34229
540076008351778360
0
-13912448
984685904
-631170930
337892523655155133
68160017352532832
532810778
1039255287
984403658
1677801161
1265095127
0
243758025
482771238618829370
757937266
282122150
725929204
112960495
-440524555
252945449618866144
2
23700807586390935
0
429414985
335382343
284
-145838819
352072904983808592
-307712165
1075869357
0
1363232943
1
604533947924584344
745042489
0
-255618942
92530617
1654975865
1
303880860855950016
1481352549
107845071
504442186016247360
1
239277351
-6591947
1066547054
1271299148
57460514
3
280780504
783919325
1
759153246
527396116
641799919
10
87407399686777590
170812989
0
192543421338539460
0
1
1274360673
2
501577462654923423
0
0
1379622891
65760938857995093
552713194
1
920376398
306390420
387638070
1
1468730809
0
344837828
1168596120
1
12751221
-64158234
424329293
93803278235301622
-135930974
0
1247602585
2
386425047867861492
149130219
309550040974192171
0
191191428
252156163
1278915472
100528021241860212
548672941321107995
0
1307781001
1383572475
0
84175733424711672
232149635059161624
1045185845
0
747185418
1
520089311
327056702
1672906551
26751117547630848
444857265648418755
1
-7162223
125195755
1875904666
266204155
243521077
673295787
122870262001801104
231584126921282304
-275393893
357489774
134746996
284240133
-406813270
1201623134
62715561
0
-451418203
-132764741
886311094
20379610
0
92583077747442387
30969901
194046209
12
1786699372
1436347868
-231240881
-843248833
7835155
2
110640735
0
1
53036411404528750
886438528
142482551077008366
1231262264
970811345
658535964
-142060826
405968686
15842556
2
78050335
71319240
47337968
13709813
0
107965208
-302838388
14225685
598488
424042760
120035533870456722
0
208735948349752656
4923823066309710
-428947380
-578994559
350673583
0
7877577
392551456
162141332
1
0
169204526998502618
-642052057
-11601532
1285423903
-14773190
1
181673370
2
2
1
94268632
33385460686488456
364330575
650936763
262115184
312462252673156236
104088572
1250882645
654216187683700651
362858210
1898918755
164372075348966386
1
557470438
302590148035172371
851726621
0
0
9952826691172554
216777823
456740314969735104
1
62245417
-358392502
0
102866955
236281566999313304
18545776949130156
530825495
1
154646493
209193970262432013
632777067
564069084646239913
33146577860358352
230248925570228983
-379661820
-208049870
136465408
39891717
0
476530561679168760
0
1183513986
1001496292
585504735
2
233696030659287406
-178477341
108960188108679765
662602928
234430961345417920
5647388313853000
46287355
0
-180023956
1105372855
1000899267
3
1123590804
0
4
719334342
-114540319
39465657
923581001
-393992050
252978409
1404511035
742633960
0
-402748377
0
806289343
1457695728
348758142
-601912957
260330629731920040
0
818490294
519161130780680907
257203683
467029174988057136
56791502475800810
0
0
195511244
0
0
777824985
308970541
527786561
108365277
672091695
109079131
0
0
-330824851
0
550036673758712205
93567594
1199082359
185794449
3
106813983
759951010
138936832272872289
150886193
592999883213266116
1
-869152364
1250008624
1
22344847
532911589
-35633286
5169249852683712
611524688
1366509119
-444388242
938267045
253208712
267217106008986552
35143686
0
826565770
612842447
0
2584479
-81249238
260232596
1331695311
546328447
1
0
464554398791252096
1
1467611752038868
92797982374720981
-100471001
0
30464209194065290
278943807
349060936
25726581
334929289854075007
67275199348231044
1067138205716316
411233614108638017
181173352
1660049313
119845459385282190
0
70358853
340925943
339400130472743120
517086832850222864
1
73
373022829970695730
298309488
0
563961421
105716973
2364596
47889700
157956305
-546542430
1
2
121203770
13
1120224110
144371625
62088663
102044184755773182
280631035
0
176114799
0
191931737
-52962573
576332453
1
590638167630450077
731739534
205706164604506460
38198109
1
-514424744
197549847
192749428098720942
-647828034
942957806
2
263900490
7964016044953800
354066646809406586
1104179495
-136214134
3
782421839
2
0
0
623781436
639930513401559744
621663346648654002
416730382
0
1082643197679576
211728346635803784
497807628
0
515192571
0
57112181
159470829212403018
1
256414328
520716374
335185232
0
753827600
2
1460843355
7905829616426352
1692449739
309064029647950530
159846075
66310633585464125
24398610227767743
27263685
143556400388615760
703366070
-321111000
0
18454881
792365022
103697381966858936
-47470360
40312200
9
553792391
0
1
466360321
668786184
1556344448
93408135
1164800603
506858577
781188697
148165670
123381184
1
201987825
210957282094417725
687147770
1201824428
3
645739594689516240
100118630886239868
-474642210
0
-211670136
1
198666966
727469502
-249646142
607669211
0
1
272447149816271920
-858003477
3
160739909059440446
2
463938448067845608
586017975
1212159891
515260090
265554802
288108912065292864
1247521242
482581052
126431690782333664
-195753544
10961207
74782338
24948522
-235334148
1
49453245520777730
322923326
635969863
71596760
253406728
0
5719762693080995
401500728
10577825
1295336148
-762436419
381335079930806556
46594533622641344
1358248492
49773038
0
10
268821838
11952142858502346
53638448437694904
7011967589245044
1136618988
457083819
-690221094
619938183830820833
134149385
1339769917696350
362579010322067343
607148533
0
996977429
876719002
0
213740385
11
1710698594196086
205808955
0
302926575
178340546
0
565020314
0
21140227561071440
4
9088958
70462884
-368710559
65426483
67871712
11060933359779600
825952243386690172
916226702
678467244
-19635110
109356436
1378047378
165010093
1513672517
-277893650
119821437
429533754
809404898
-81734633
4
990545401
611190836
688167508234818880
3
92223509
514882253
908535095
395002272642185608
27261337
0
229927332
9421054
605396531
240399277
-90183976
46648918
953001926
867203191
13545231
645846791
127926048
184025275111276068
50934242
71761096
8
163232618363148400
593882616
446450620
998972597
215815528172631073
1623025936
1117414499
485587322
1
296335676
-124848310
428712605063692620
410568197053873400
2659398
274364228811281903
202517388
0
227420516
0
-408915023
0
679950569
34209870360648135
276964216
278143454
799145649359277002
47212174863926424
769514656
99517498
517186930738737380
127554108
0
356797208
245017275
601652954
365772199
104361703
1835213209
355757687977880778
708495336164528
-402929247
1042549262
-152278364
1157454541
0
109723540826756220
345777712
244357898
0
16
0
0
1133601073
1
314553543318670226
271814975967369630
0
67582123780646607
0
21
1393217402
0
39094263
10
-804573078
581863648326419310
191720888572231399
191690489
254450291
5
86032011042483306
977129983
16490827991585092
1747943267787145
41673659665797588
653238944
67120605549276812
1173026335
769849059222302577
43280319
107398062
57030704894816262
701268460
477457345444387770
276759050
1221120607
1
1579358500
183997180
30503455233206835
1617589806
485017505
223426628
89886375
-263802706
127116840403099716
222022774
269224754736951858
173637085920288062
221681756347280026
-306328122
675487755431592420
525890320
14
0
0
161346699
20
-150832146
666265518
85298636
216991450012394214
4581399
-305875851
36232583
6788227
33658647
365892060
8
1386270115
1388178039
10
33276081
865407339
930295586
1460224082
1103856847
115881163
84372218
273282866828557030
163920442603421175
0
-192194578
304403043
-449473331
1
648303593520125337
221708298
297717830
645438522
-403373178
79173811386020832
81899535
225699380
311358972585509802
59466520
1
0
0
464633368
1785636
208874444
1
-398016762
435440715640796250
0
553118158969125381
0
223768083
133387689
406641441
0
547373228
702279359160632703
1354910561
3
6627985
555481395
-468952437
1767876484
680689122
0
1546215955
1169731296
142957744989836840
30683006
110536040
226424722
1159615871
0
9598949
1067596612
1582879885
10
285686325
1289650389
-869402904
531836971
14877673109268480
190883004
793172880
0
38991759
1646734248
69103117753395808
42
-145226907
-688879283
163200251
3
913056212
213289787
100291213
95413715054796888
57022676637057090
1164090118
-534039418
-79621692
54250047774009528
891587250
115392129
483206070
9568718
56085411
0
-581837610
76726769
1
-193652889
0
7954536045586116
1599379490408024
0
65319630547322178
324991
598278612
-504821968
1233876130
366371935
50107597
1588917583
411461487
1865469650
480626237
2407632077189103
14
-636250128
495987323
2947448
12634684728423912
-165140906
55596858
99892755
0
881435022
53993217
830332559574482118
0
0
909204210
969213432
35536080259620875
134313781473198018
5
729132943
692464316
-303089333
586883703
195780958
160487941
370847353
1
11409995114541072
484757509
-673742744
74873509238009862
49106699140096108
17103816
984978995
1341780061
398642003
637116553
523640705
340366553931280784
9
0
166660553144877237
837172682
14957779
309740224
39331053068356929
1355926619
149497047
11
0
0
1221061000
70028410
12998249254286817
462394483
552180757
5
486408465956260800
0
9352536736953300
367517133792614002
1189763572
0
0
0
0
989298414
1000154261
816345215
1322083694
186463537
13119195
58864136
235605984367509236
19
-31479098
4
831081458454083648
19250602979205720
885369601
514852974
592936734
223921538
442817273
24
1
546127143398449030
70820334
485632732
77768845
-607095106
1
-226420824
708272508
160815465
107880692
-919935059
221035625
571422067
1051607456
381286623
-739585974
9217051
501145646358498600
0
39163051
3
12160514
692462801
702178107
217445113024619434
81429180745321272
1761528121
959806102
1501024356
68740742
128301832859438548
0
297490215
-526252235
120853259625248548
272664404041340550
916625511
27465762
252128080648210
39470442
-299732436
247028404491486189
1
0
801136326076075080
0
5
-257853172
665368288
274235668475986918
1077860223
1061543874
551792249
77781801600876816
88037408
832155096
1390452931
98554073
177806975
360214463
1105383898
589819
814843193
-846492919
-563651002
204380707384043190
1743107694
68305172
66541659
1143971553
-344345570
21398512
133916254
20
1300100911
0
1531991958
669217178
322562628711839650
31237118216506026
912901217
140887044198280724
355261558
260506068
374248793
1358409785
0
107295461
743775784
0
12
136568179
6
79799694848527138
168474439
517839846
26255407915401051
912345440
67250556858042222
25530480078844461
2
22726534
18758321
782237892
66854341
723922981
231629068
3299160446287134
0
-332117954
356571510
126170133474854088
39675346
77781297
1698700310
-139811342
29
3
323056906
71050317
1
9
45454184785253125
1
443030687
289544111310782377
-549981569
0
85752691092906102
380880438
2
17672108
218995874208321415
847590076
249923465
0
2
0
601045377813837649
33373198225754712
17369925
201389051718975160
3
789728803
33408961
0
0
102356107
73009228
-504716489
-618455842
429842897087763497
1438003490
-372791156
76148227
300769762566009480
30728087
308177954
388677735704348340
111874570
1
1466536363
-343908361
87177717
400500513529221340
629546
0
132944144
306956226
404615029
62771389844684148
628712341110529512
741989189
-486228937
302769852209719128
109455060
63479601876766453
31489085
47284499
218454334
0
477782647
1232572952
335902958104183452
-261557464
64225181813941653
1143395609
-461578157
-81979397
1407508906
-134835110
-430385861
55708822
-148703648
46763436214548683
50794165
0
1530351
0
465666079
144087967
1159648047
1016006202
1
-832953348
657262263
1449744259
-480390781
0
-689401265
104427118
230922268224853995
0
220323279
75536732
1581670054
697502690316902121
1343097157
-571851048
201979161
1321170424
13954204840599075
0
4353402871190124
1
0
1440322393
-341269059
1387099766
781210870976677388
32979128
1273380191
4
118422717262982861
4
365541004
270477377
317971289935096341
363175891
1656080904
10685051
639631299
156410142
287717966763830142
152435025454225206
8
-47384453
0
0
18746290
21
-810880516
900507876
1004952796
1653232298
24
1146756324
0
4
107099763
267772630739619495
7209407762553397
-845696899
-402741142
0
0
0
157367600775788900
9568091
0
316577800
39075552768714958
246608534
23318700167121744
968630558
559413605
255859524
419958717
62012778562844221
935391000
1744165036
466809637
182346042
705055241729222925
675508455
386065408
279616806
275053110
492978559
138475800797867705
-123540588
10
1
579568578
1
1333585840
0
88855177931304800
0
6
89205975050790
688527338
357811741997852736
695537946
-291789740
1007325052
508253642307586792
417927432
888658722
0
689145213896751808
355477508059039434
-333547964
72329041
1014688036
261403484
293
36358755910718994
-724176798
206341073
88357524
368616892
-328453275
1055940460
8505043747342467
766694875
0
748252478
0
188402767
273002183
470536809694269923
1487548658
72216915
1141868129
77616890830787136
813183999
856552895
172161696376846511
-137073435
1463225732
492611536
4
1499602929062538
93910645
0
-252528113
180301227
-21210944
38730236083145065
913415559
300188516
1448430784
944218225
1881297436
74634554
412630681757890
-796813665
9
1
1
-44057648
-670434433
2
-862592410
834728100
218407342
46537716
591894284
8
-539053373
160438696
0
605084328
1367374208
0
51968761295620265
-545172563
311672318
57553375507280600
6
2
-287189729
1
144878877
195536912
1002168120
20356873
492112237
5
397381814766357600
53539378121303490
483527942
81394764
0
1057804877
97918074610965452
554536184
632013324
110170906
45676923
302874417
1
268544552725189579
4
8970865692768000
1483142417
0
2
340104934
101938719
533875361
1502096813
1812018637
303974646262497530
-303336033
358123779120535332
7517904
844637325
868953285
0
-119050760
0
761695046
94758761
